<?xml version="1.0" encoding="UTF-8"?>
<testsuite xmlns:xsi="http://www.w3.org/2001/XMLSchema-instance" xsi:noNamespaceSchemaLocation="https://maven.apache.org/surefire/maven-surefire-plugin/xsd/surefire-test-report.xsd" name="com.example.pamel.ServiceOutApplicationTests" time="55.429" tests="1" errors="0" skipped="0" failures="0">
  <properties>
    <property name="awt.toolkit" value="sun.awt.X11.XToolkit"/>
    <property name="file.encoding.pkg" value="sun.io"/>
    <property name="java.specification.version" value="1.8"/>
    <property name="sun.cpu.isalist" value=""/>
    <property name="sun.jnu.encoding" value="UTF-8"/>
    <property name="java.class.path" value="/home/miccia/Documents/workspace-spring-tool-suite-4-4.1.1.RELEASE/ServiceOut/target/test-classes:/home/miccia/Documents/workspace-spring-tool-suite-4-4.1.1.RELEASE/ServiceOut/target/classes:/home/miccia/.m2/repository/it/kp/library/1.0/library-1.0.jar:/home/miccia/.m2/repository/org/springframework/boot/spring-boot-starter-activemq/2.1.2.RELEASE/spring-boot-starter-activemq-2.1.2.RELEASE.jar:/home/miccia/.m2/repository/org/springframework/boot/spring-boot-starter/2.1.2.RELEASE/spring-boot-starter-2.1.2.RELEASE.jar:/home/miccia/.m2/repository/org/springframework/boot/spring-boot/2.1.2.RELEASE/spring-boot-2.1.2.RELEASE.jar:/home/miccia/.m2/repository/org/springframework/boot/spring-boot-autoconfigure/2.1.2.RELEASE/spring-boot-autoconfigure-2.1.2.RELEASE.jar:/home/miccia/.m2/repository/org/springframework/boot/spring-boot-starter-logging/2.1.2.RELEASE/spring-boot-starter-logging-2.1.2.RELEASE.jar:/home/miccia/.m2/repository/ch/qos/logback/logback-classic/1.2.3/logback-classic-1.2.3.jar:/home/miccia/.m2/repository/ch/qos/logback/logback-core/1.2.3/logback-core-1.2.3.jar:/home/miccia/.m2/repository/org/apache/logging/log4j/log4j-to-slf4j/2.11.1/log4j-to-slf4j-2.11.1.jar:/home/miccia/.m2/repository/org/apache/logging/log4j/log4j-api/2.11.1/log4j-api-2.11.1.jar:/home/miccia/.m2/repository/org/slf4j/jul-to-slf4j/1.7.25/jul-to-slf4j-1.7.25.jar:/home/miccia/.m2/repository/javax/annotation/javax.annotation-api/1.3.2/javax.annotation-api-1.3.2.jar:/home/miccia/.m2/repository/org/yaml/snakeyaml/1.23/snakeyaml-1.23.jar:/home/miccia/.m2/repository/org/springframework/spring-jms/5.1.4.RELEASE/spring-jms-5.1.4.RELEASE.jar:/home/miccia/.m2/repository/org/springframework/spring-beans/5.1.4.RELEASE/spring-beans-5.1.4.RELEASE.jar:/home/miccia/.m2/repository/org/springframework/spring-messaging/5.1.4.RELEASE/spring-messaging-5.1.4.RELEASE.jar:/home/miccia/.m2/repository/org/springframework/spring-tx/5.1.4.RELEASE/spring-tx-5.1.4.RELEASE.jar:/home/miccia/.m2/repository/javax/jms/javax.jms-api/2.0.1/javax.jms-api-2.0.1.jar:/home/miccia/.m2/repository/org/apache/camel/camel-spring-boot-starter/2.23.1/camel-spring-boot-starter-2.23.1.jar:/home/miccia/.m2/repository/org/apache/camel/camel-spring-boot/2.23.1/camel-spring-boot-2.23.1.jar:/home/miccia/.m2/repository/org/apache/camel/camel-core-starter/2.23.1/camel-core-starter-2.23.1.jar:/home/miccia/.m2/repository/org/kie/kie-internal/7.2.0.Final/kie-internal-7.2.0.Final.jar:/home/miccia/.m2/repository/org/kie/kie-api/7.2.0.Final/kie-api-7.2.0.Final.jar:/home/miccia/.m2/repository/org/uberfire/uberfire-maven-support/1.2.0.Final/uberfire-maven-support-1.2.0.Final.jar:/home/miccia/.m2/repository/org/slf4j/slf4j-api/1.7.25/slf4j-api-1.7.25.jar:/home/miccia/.m2/repository/org/kie/server/kie-server-client/7.2.0.Final/kie-server-client-7.2.0.Final.jar:/home/miccia/.m2/repository/org/apache/commons/commons-lang3/3.8.1/commons-lang3-3.8.1.jar:/home/miccia/.m2/repository/org/optaplanner/optaplanner-core/7.2.0.Final/optaplanner-core-7.2.0.Final.jar:/home/miccia/.m2/repository/org/drools/drools-compiler/7.2.0.Final/drools-compiler-7.2.0.Final.jar:/home/miccia/.m2/repository/org/antlr/antlr-runtime/3.5.2/antlr-runtime-3.5.2.jar:/home/miccia/.m2/repository/org/eclipse/jdt/core/compiler/ecj/4.4.2/ecj-4.4.2.jar:/home/miccia/.m2/repository/com/google/protobuf/protobuf-java/2.6.0/protobuf-java-2.6.0.jar:/home/miccia/.m2/repository/org/apache/commons/commons-math3/3.4.1/commons-math3-3.4.1.jar:/home/miccia/.m2/repository/com/google/guava/guava/20.0/guava-20.0.jar:/home/miccia/.m2/repository/org/reflections/reflections/0.9.10/reflections-0.9.10.jar:/home/miccia/.m2/repository/org/javassist/javassist/3.19.0-GA/javassist-3.19.0-GA.jar:/home/miccia/.m2/repository/com/google/code/findbugs/annotations/2.0.1/annotations-2.0.1.jar:/home/miccia/.m2/repository/com/thoughtworks/xstream/xstream/1.4.9/xstream-1.4.9.jar:/home/miccia/.m2/repository/xmlpull/xmlpull/1.1.3.1/xmlpull-1.1.3.1.jar:/home/miccia/.m2/repository/xpp3/xpp3_min/1.1.4c/xpp3_min-1.1.4c.jar:/home/miccia/.m2/repository/org/drools/drools-core/7.2.0.Final/drools-core-7.2.0.Final.jar:/home/miccia/.m2/repository/org/mvel/mvel2/2.3.0.Final/mvel2-2.3.0.Final.jar:/home/miccia/.m2/repository/commons-codec/commons-codec/1.11/commons-codec-1.11.jar:/home/miccia/.m2/repository/org/kie/kie-dmn-api/7.2.0.Final/kie-dmn-api-7.2.0.Final.jar:/home/miccia/.m2/repository/org/kie/kie-dmn-model/7.2.0.Final/kie-dmn-model-7.2.0.Final.jar:/home/miccia/.m2/repository/org/kie/server/kie-server-api/7.2.0.Final/kie-server-api-7.2.0.Final.jar:/home/miccia/.m2/repository/org/optaplanner/optaplanner-persistence-xstream/7.2.0.Final/optaplanner-persistence-xstream-7.2.0.Final.jar:/home/miccia/.m2/repository/org/optaplanner/optaplanner-persistence-common/7.2.0.Final/optaplanner-persistence-common-7.2.0.Final.jar:/home/miccia/.m2/repository/org/optaplanner/optaplanner-persistence-jaxb/7.2.0.Final/optaplanner-persistence-jaxb-7.2.0.Final.jar:/home/miccia/.m2/repository/org/jboss/spec/javax/xml/bind/jboss-jaxb-api_2.2_spec/1.0.4.Final/jboss-jaxb-api_2.2_spec-1.0.4.Final.jar:/home/miccia/.m2/repository/javax/activation/activation/1.1.1/activation-1.1.1.jar:/home/miccia/.m2/repository/com/fasterxml/jackson/core/jackson-annotations/2.9.0/jackson-annotations-2.9.0.jar:/home/miccia/.m2/repository/com/fasterxml/jackson/core/jackson-core/2.9.8/jackson-core-2.9.8.jar:/home/miccia/.m2/repository/org/jboss/spec/javax/ws/rs/jboss-jaxrs-api_2.0_spec/1.0.0.Final/jboss-jaxrs-api_2.0_spec-1.0.0.Final.jar:/home/miccia/.m2/repository/org/kie/server/kie-server-common/7.2.0.Final/kie-server-common-7.2.0.Final.jar:/home/miccia/.m2/repository/org/codehaus/jackson/jackson-xc/1.9.13/jackson-xc-1.9.13.jar:/home/miccia/.m2/repository/org/codehaus/jackson/jackson-core-asl/1.9.13/jackson-core-asl-1.9.13.jar:/home/miccia/.m2/repository/org/codehaus/jackson/jackson-mapper-asl/1.9.13/jackson-mapper-asl-1.9.13.jar:/home/miccia/.m2/repository/org/jboss/spec/javax/jms/jboss-jms-api_2.0_spec/1.0.0.Final/jboss-jms-api_2.0_spec-1.0.0.Final.jar:/home/miccia/.m2/repository/com/sun/xml/bind/jaxb-core/2.2.11/jaxb-core-2.2.11.jar:/home/miccia/.m2/repository/com/sun/xml/bind/jaxb-impl/2.2.11/jaxb-impl-2.2.11.jar:/home/miccia/.m2/repository/org/slf4j/jcl-over-slf4j/1.7.25/jcl-over-slf4j-1.7.25.jar:/home/miccia/.m2/repository/org/apache/activemq/activemq-camel/5.15.8/activemq-camel-5.15.8.jar:/home/miccia/.m2/repository/org/apache/camel/camel-jms/2.19.5/camel-jms-2.19.5.jar:/home/miccia/.m2/repository/org/springframework/spring-context/5.1.4.RELEASE/spring-context-5.1.4.RELEASE.jar:/home/miccia/.m2/repository/org/apache/activemq/activemq-spring/5.15.8/activemq-spring-5.15.8.jar:/home/miccia/.m2/repository/org/apache/xbean/xbean-spring/4.2/xbean-spring-4.2.jar:/home/miccia/.m2/repository/org/apache/geronimo/specs/geronimo-jta_1.0.1B_spec/1.0.1/geronimo-jta_1.0.1B_spec-1.0.1.jar:/home/miccia/.m2/repository/org/apache/commons/commons-pool2/2.6.0/commons-pool2-2.6.0.jar:/home/miccia/.m2/repository/org/apache/activemq/activemq-pool/5.15.8/activemq-pool-5.15.8.jar:/home/miccia/.m2/repository/org/apache/activemq/activemq-jms-pool/5.15.8/activemq-jms-pool-5.15.8.jar:/home/miccia/.m2/repository/org/apache/geronimo/specs/geronimo-jms_1.1_spec/1.1.1/geronimo-jms_1.1_spec-1.1.1.jar:/home/miccia/.m2/repository/org/apache/activemq/activemq-client/5.15.8/activemq-client-5.15.8.jar:/home/miccia/.m2/repository/org/fusesource/hawtbuf/hawtbuf/1.11/hawtbuf-1.11.jar:/home/miccia/.m2/repository/org/apache/geronimo/specs/geronimo-j2ee-management_1.1_spec/1.0.1/geronimo-j2ee-management_1.1_spec-1.0.1.jar:/home/miccia/.m2/repository/org/apache/camel/camel-jackson/2.23.1/camel-jackson-2.23.1.jar:/home/miccia/.m2/repository/org/apache/camel/camel-core/2.23.1/camel-core-2.23.1.jar:/home/miccia/.m2/repository/com/fasterxml/jackson/core/jackson-databind/2.9.8/jackson-databind-2.9.8.jar:/home/miccia/.m2/repository/com/fasterxml/jackson/module/jackson-module-jaxb-annotations/2.9.8/jackson-module-jaxb-annotations-2.9.8.jar:/home/miccia/.m2/repository/org/springframework/boot/spring-boot-starter-test/2.1.2.RELEASE/spring-boot-starter-test-2.1.2.RELEASE.jar:/home/miccia/.m2/repository/org/springframework/boot/spring-boot-test/2.1.2.RELEASE/spring-boot-test-2.1.2.RELEASE.jar:/home/miccia/.m2/repository/org/springframework/boot/spring-boot-test-autoconfigure/2.1.2.RELEASE/spring-boot-test-autoconfigure-2.1.2.RELEASE.jar:/home/miccia/.m2/repository/com/jayway/jsonpath/json-path/2.4.0/json-path-2.4.0.jar:/home/miccia/.m2/repository/net/minidev/json-smart/2.3/json-smart-2.3.jar:/home/miccia/.m2/repository/net/minidev/accessors-smart/1.2/accessors-smart-1.2.jar:/home/miccia/.m2/repository/org/ow2/asm/asm/5.0.4/asm-5.0.4.jar:/home/miccia/.m2/repository/junit/junit/4.12/junit-4.12.jar:/home/miccia/.m2/repository/org/assertj/assertj-core/3.11.1/assertj-core-3.11.1.jar:/home/miccia/.m2/repository/org/mockito/mockito-core/2.23.4/mockito-core-2.23.4.jar:/home/miccia/.m2/repository/net/bytebuddy/byte-buddy/1.9.7/byte-buddy-1.9.7.jar:/home/miccia/.m2/repository/net/bytebuddy/byte-buddy-agent/1.9.7/byte-buddy-agent-1.9.7.jar:/home/miccia/.m2/repository/org/objenesis/objenesis/2.6/objenesis-2.6.jar:/home/miccia/.m2/repository/org/hamcrest/hamcrest-core/1.3/hamcrest-core-1.3.jar:/home/miccia/.m2/repository/org/hamcrest/hamcrest-library/1.3/hamcrest-library-1.3.jar:/home/miccia/.m2/repository/org/skyscreamer/jsonassert/1.5.0/jsonassert-1.5.0.jar:/home/miccia/.m2/repository/com/vaadin/external/google/android-json/0.0.20131108.vaadin1/android-json-0.0.20131108.vaadin1.jar:/home/miccia/.m2/repository/org/springframework/spring-core/5.1.4.RELEASE/spring-core-5.1.4.RELEASE.jar:/home/miccia/.m2/repository/org/springframework/spring-jcl/5.1.4.RELEASE/spring-jcl-5.1.4.RELEASE.jar:/home/miccia/.m2/repository/org/springframework/spring-test/5.1.4.RELEASE/spring-test-5.1.4.RELEASE.jar:/home/miccia/.m2/repository/org/xmlunit/xmlunit-core/2.6.2/xmlunit-core-2.6.2.jar:/home/miccia/.m2/repository/org/apache/camel/camel-test-spring/2.23.1/camel-test-spring-2.23.1.jar:/home/miccia/.m2/repository/org/apache/camel/camel-test/2.23.1/camel-test-2.23.1.jar:/home/miccia/.m2/repository/org/apache/camel/camel-spring/2.23.1/camel-spring-2.23.1.jar:/home/miccia/.m2/repository/org/springframework/spring-aop/5.1.4.RELEASE/spring-aop-5.1.4.RELEASE.jar:/home/miccia/.m2/repository/org/springframework/spring-expression/5.1.4.RELEASE/spring-expression-5.1.4.RELEASE.jar:/home/miccia/.m2/repository/org/apache/camel/camel-restlet/2.23.1/camel-restlet-2.23.1.jar:/home/miccia/.m2/repository/org/apache/camel/camel-http-common/2.23.1/camel-http-common-2.23.1.jar:/home/miccia/.m2/repository/javax/servlet/javax.servlet-api/4.0.1/javax.servlet-api-4.0.1.jar:/home/miccia/.m2/repository/org/restlet/jee/org.restlet/2.3.12/org.restlet-2.3.12.jar:/home/miccia/.m2/repository/org/restlet/jee/org.restlet.ext.httpclient/2.3.12/org.restlet.ext.httpclient-2.3.12.jar:/home/miccia/.m2/repository/org/apache/httpcomponents/httpclient/4.5.6/httpclient-4.5.6.jar:/home/miccia/.m2/repository/org/apache/httpcomponents/httpcore/4.4.10/httpcore-4.4.10.jar:/home/miccia/.m2/repository/org/apache/httpcomponents/httpmime/4.5.6/httpmime-4.5.6.jar:/home/miccia/.m2/repository/net/jcip/jcip-annotations/1.0/jcip-annotations-1.0.jar:/home/miccia/.m2/repository/commons-logging/commons-logging/1.1.3/commons-logging-1.1.3.jar:/home/miccia/.m2/repository/org/apache/james/apache-mime4j-core/0.7.2/apache-mime4j-core-0.7.2.jar:/home/miccia/.m2/repository/org/apache/camel/camel-servlet-starter/2.23.1/camel-servlet-starter-2.23.1.jar:/home/miccia/.m2/repository/org/apache/camel/camel-servlet/2.23.1/camel-servlet-2.23.1.jar:"/>
    <property name="java.vm.vendor" value="Oracle Corporation"/>
    <property name="sun.arch.data.model" value="64"/>
    <property name="java.vendor.url" value="http://java.oracle.com/"/>
    <property name="user.timezone" value="Europe/Rome"/>
    <property name="java.vm.specification.version" value="1.8"/>
    <property name="os.name" value="Linux"/>
    <property name="user.country" value="GB"/>
    <property name="sun.java.launcher" value="SUN_STANDARD"/>
    <property name="sun.boot.library.path" value="/usr/lib/jvm/java-1.8.0-openjdk-1.8.0.191.b13-0.fc29.x86_64/jre/lib/amd64"/>
    <property name="sun.java.command" value="/home/miccia/Documents/workspace-spring-tool-suite-4-4.1.1.RELEASE/ServiceOut/target/surefire/surefirebooter2861786063075772045.jar /home/miccia/Documents/workspace-spring-tool-suite-4-4.1.1.RELEASE/ServiceOut/target/surefire 2019-02-12T09-51-06_475-jvmRun1 surefire2089282196725188167tmp surefire_04027972959619416799tmp"/>
    <property name="surefire.test.class.path" value="/home/miccia/Documents/workspace-spring-tool-suite-4-4.1.1.RELEASE/ServiceOut/target/test-classes:/home/miccia/Documents/workspace-spring-tool-suite-4-4.1.1.RELEASE/ServiceOut/target/classes:/home/miccia/.m2/repository/it/kp/library/1.0/library-1.0.jar:/home/miccia/.m2/repository/org/springframework/boot/spring-boot-starter-activemq/2.1.2.RELEASE/spring-boot-starter-activemq-2.1.2.RELEASE.jar:/home/miccia/.m2/repository/org/springframework/boot/spring-boot-starter/2.1.2.RELEASE/spring-boot-starter-2.1.2.RELEASE.jar:/home/miccia/.m2/repository/org/springframework/boot/spring-boot/2.1.2.RELEASE/spring-boot-2.1.2.RELEASE.jar:/home/miccia/.m2/repository/org/springframework/boot/spring-boot-autoconfigure/2.1.2.RELEASE/spring-boot-autoconfigure-2.1.2.RELEASE.jar:/home/miccia/.m2/repository/org/springframework/boot/spring-boot-starter-logging/2.1.2.RELEASE/spring-boot-starter-logging-2.1.2.RELEASE.jar:/home/miccia/.m2/repository/ch/qos/logback/logback-classic/1.2.3/logback-classic-1.2.3.jar:/home/miccia/.m2/repository/ch/qos/logback/logback-core/1.2.3/logback-core-1.2.3.jar:/home/miccia/.m2/repository/org/apache/logging/log4j/log4j-to-slf4j/2.11.1/log4j-to-slf4j-2.11.1.jar:/home/miccia/.m2/repository/org/apache/logging/log4j/log4j-api/2.11.1/log4j-api-2.11.1.jar:/home/miccia/.m2/repository/org/slf4j/jul-to-slf4j/1.7.25/jul-to-slf4j-1.7.25.jar:/home/miccia/.m2/repository/javax/annotation/javax.annotation-api/1.3.2/javax.annotation-api-1.3.2.jar:/home/miccia/.m2/repository/org/yaml/snakeyaml/1.23/snakeyaml-1.23.jar:/home/miccia/.m2/repository/org/springframework/spring-jms/5.1.4.RELEASE/spring-jms-5.1.4.RELEASE.jar:/home/miccia/.m2/repository/org/springframework/spring-beans/5.1.4.RELEASE/spring-beans-5.1.4.RELEASE.jar:/home/miccia/.m2/repository/org/springframework/spring-messaging/5.1.4.RELEASE/spring-messaging-5.1.4.RELEASE.jar:/home/miccia/.m2/repository/org/springframework/spring-tx/5.1.4.RELEASE/spring-tx-5.1.4.RELEASE.jar:/home/miccia/.m2/repository/javax/jms/javax.jms-api/2.0.1/javax.jms-api-2.0.1.jar:/home/miccia/.m2/repository/org/apache/camel/camel-spring-boot-starter/2.23.1/camel-spring-boot-starter-2.23.1.jar:/home/miccia/.m2/repository/org/apache/camel/camel-spring-boot/2.23.1/camel-spring-boot-2.23.1.jar:/home/miccia/.m2/repository/org/apache/camel/camel-core-starter/2.23.1/camel-core-starter-2.23.1.jar:/home/miccia/.m2/repository/org/kie/kie-internal/7.2.0.Final/kie-internal-7.2.0.Final.jar:/home/miccia/.m2/repository/org/kie/kie-api/7.2.0.Final/kie-api-7.2.0.Final.jar:/home/miccia/.m2/repository/org/uberfire/uberfire-maven-support/1.2.0.Final/uberfire-maven-support-1.2.0.Final.jar:/home/miccia/.m2/repository/org/slf4j/slf4j-api/1.7.25/slf4j-api-1.7.25.jar:/home/miccia/.m2/repository/org/kie/server/kie-server-client/7.2.0.Final/kie-server-client-7.2.0.Final.jar:/home/miccia/.m2/repository/org/apache/commons/commons-lang3/3.8.1/commons-lang3-3.8.1.jar:/home/miccia/.m2/repository/org/optaplanner/optaplanner-core/7.2.0.Final/optaplanner-core-7.2.0.Final.jar:/home/miccia/.m2/repository/org/drools/drools-compiler/7.2.0.Final/drools-compiler-7.2.0.Final.jar:/home/miccia/.m2/repository/org/antlr/antlr-runtime/3.5.2/antlr-runtime-3.5.2.jar:/home/miccia/.m2/repository/org/eclipse/jdt/core/compiler/ecj/4.4.2/ecj-4.4.2.jar:/home/miccia/.m2/repository/com/google/protobuf/protobuf-java/2.6.0/protobuf-java-2.6.0.jar:/home/miccia/.m2/repository/org/apache/commons/commons-math3/3.4.1/commons-math3-3.4.1.jar:/home/miccia/.m2/repository/com/google/guava/guava/20.0/guava-20.0.jar:/home/miccia/.m2/repository/org/reflections/reflections/0.9.10/reflections-0.9.10.jar:/home/miccia/.m2/repository/org/javassist/javassist/3.19.0-GA/javassist-3.19.0-GA.jar:/home/miccia/.m2/repository/com/google/code/findbugs/annotations/2.0.1/annotations-2.0.1.jar:/home/miccia/.m2/repository/com/thoughtworks/xstream/xstream/1.4.9/xstream-1.4.9.jar:/home/miccia/.m2/repository/xmlpull/xmlpull/1.1.3.1/xmlpull-1.1.3.1.jar:/home/miccia/.m2/repository/xpp3/xpp3_min/1.1.4c/xpp3_min-1.1.4c.jar:/home/miccia/.m2/repository/org/drools/drools-core/7.2.0.Final/drools-core-7.2.0.Final.jar:/home/miccia/.m2/repository/org/mvel/mvel2/2.3.0.Final/mvel2-2.3.0.Final.jar:/home/miccia/.m2/repository/commons-codec/commons-codec/1.11/commons-codec-1.11.jar:/home/miccia/.m2/repository/org/kie/kie-dmn-api/7.2.0.Final/kie-dmn-api-7.2.0.Final.jar:/home/miccia/.m2/repository/org/kie/kie-dmn-model/7.2.0.Final/kie-dmn-model-7.2.0.Final.jar:/home/miccia/.m2/repository/org/kie/server/kie-server-api/7.2.0.Final/kie-server-api-7.2.0.Final.jar:/home/miccia/.m2/repository/org/optaplanner/optaplanner-persistence-xstream/7.2.0.Final/optaplanner-persistence-xstream-7.2.0.Final.jar:/home/miccia/.m2/repository/org/optaplanner/optaplanner-persistence-common/7.2.0.Final/optaplanner-persistence-common-7.2.0.Final.jar:/home/miccia/.m2/repository/org/optaplanner/optaplanner-persistence-jaxb/7.2.0.Final/optaplanner-persistence-jaxb-7.2.0.Final.jar:/home/miccia/.m2/repository/org/jboss/spec/javax/xml/bind/jboss-jaxb-api_2.2_spec/1.0.4.Final/jboss-jaxb-api_2.2_spec-1.0.4.Final.jar:/home/miccia/.m2/repository/javax/activation/activation/1.1.1/activation-1.1.1.jar:/home/miccia/.m2/repository/com/fasterxml/jackson/core/jackson-annotations/2.9.0/jackson-annotations-2.9.0.jar:/home/miccia/.m2/repository/com/fasterxml/jackson/core/jackson-core/2.9.8/jackson-core-2.9.8.jar:/home/miccia/.m2/repository/org/jboss/spec/javax/ws/rs/jboss-jaxrs-api_2.0_spec/1.0.0.Final/jboss-jaxrs-api_2.0_spec-1.0.0.Final.jar:/home/miccia/.m2/repository/org/kie/server/kie-server-common/7.2.0.Final/kie-server-common-7.2.0.Final.jar:/home/miccia/.m2/repository/org/codehaus/jackson/jackson-xc/1.9.13/jackson-xc-1.9.13.jar:/home/miccia/.m2/repository/org/codehaus/jackson/jackson-core-asl/1.9.13/jackson-core-asl-1.9.13.jar:/home/miccia/.m2/repository/org/codehaus/jackson/jackson-mapper-asl/1.9.13/jackson-mapper-asl-1.9.13.jar:/home/miccia/.m2/repository/org/jboss/spec/javax/jms/jboss-jms-api_2.0_spec/1.0.0.Final/jboss-jms-api_2.0_spec-1.0.0.Final.jar:/home/miccia/.m2/repository/com/sun/xml/bind/jaxb-core/2.2.11/jaxb-core-2.2.11.jar:/home/miccia/.m2/repository/com/sun/xml/bind/jaxb-impl/2.2.11/jaxb-impl-2.2.11.jar:/home/miccia/.m2/repository/org/slf4j/jcl-over-slf4j/1.7.25/jcl-over-slf4j-1.7.25.jar:/home/miccia/.m2/repository/org/apache/activemq/activemq-camel/5.15.8/activemq-camel-5.15.8.jar:/home/miccia/.m2/repository/org/apache/camel/camel-jms/2.19.5/camel-jms-2.19.5.jar:/home/miccia/.m2/repository/org/springframework/spring-context/5.1.4.RELEASE/spring-context-5.1.4.RELEASE.jar:/home/miccia/.m2/repository/org/apache/activemq/activemq-spring/5.15.8/activemq-spring-5.15.8.jar:/home/miccia/.m2/repository/org/apache/xbean/xbean-spring/4.2/xbean-spring-4.2.jar:/home/miccia/.m2/repository/org/apache/geronimo/specs/geronimo-jta_1.0.1B_spec/1.0.1/geronimo-jta_1.0.1B_spec-1.0.1.jar:/home/miccia/.m2/repository/org/apache/commons/commons-pool2/2.6.0/commons-pool2-2.6.0.jar:/home/miccia/.m2/repository/org/apache/activemq/activemq-pool/5.15.8/activemq-pool-5.15.8.jar:/home/miccia/.m2/repository/org/apache/activemq/activemq-jms-pool/5.15.8/activemq-jms-pool-5.15.8.jar:/home/miccia/.m2/repository/org/apache/geronimo/specs/geronimo-jms_1.1_spec/1.1.1/geronimo-jms_1.1_spec-1.1.1.jar:/home/miccia/.m2/repository/org/apache/activemq/activemq-client/5.15.8/activemq-client-5.15.8.jar:/home/miccia/.m2/repository/org/fusesource/hawtbuf/hawtbuf/1.11/hawtbuf-1.11.jar:/home/miccia/.m2/repository/org/apache/geronimo/specs/geronimo-j2ee-management_1.1_spec/1.0.1/geronimo-j2ee-management_1.1_spec-1.0.1.jar:/home/miccia/.m2/repository/org/apache/camel/camel-jackson/2.23.1/camel-jackson-2.23.1.jar:/home/miccia/.m2/repository/org/apache/camel/camel-core/2.23.1/camel-core-2.23.1.jar:/home/miccia/.m2/repository/com/fasterxml/jackson/core/jackson-databind/2.9.8/jackson-databind-2.9.8.jar:/home/miccia/.m2/repository/com/fasterxml/jackson/module/jackson-module-jaxb-annotations/2.9.8/jackson-module-jaxb-annotations-2.9.8.jar:/home/miccia/.m2/repository/org/springframework/boot/spring-boot-starter-test/2.1.2.RELEASE/spring-boot-starter-test-2.1.2.RELEASE.jar:/home/miccia/.m2/repository/org/springframework/boot/spring-boot-test/2.1.2.RELEASE/spring-boot-test-2.1.2.RELEASE.jar:/home/miccia/.m2/repository/org/springframework/boot/spring-boot-test-autoconfigure/2.1.2.RELEASE/spring-boot-test-autoconfigure-2.1.2.RELEASE.jar:/home/miccia/.m2/repository/com/jayway/jsonpath/json-path/2.4.0/json-path-2.4.0.jar:/home/miccia/.m2/repository/net/minidev/json-smart/2.3/json-smart-2.3.jar:/home/miccia/.m2/repository/net/minidev/accessors-smart/1.2/accessors-smart-1.2.jar:/home/miccia/.m2/repository/org/ow2/asm/asm/5.0.4/asm-5.0.4.jar:/home/miccia/.m2/repository/junit/junit/4.12/junit-4.12.jar:/home/miccia/.m2/repository/org/assertj/assertj-core/3.11.1/assertj-core-3.11.1.jar:/home/miccia/.m2/repository/org/mockito/mockito-core/2.23.4/mockito-core-2.23.4.jar:/home/miccia/.m2/repository/net/bytebuddy/byte-buddy/1.9.7/byte-buddy-1.9.7.jar:/home/miccia/.m2/repository/net/bytebuddy/byte-buddy-agent/1.9.7/byte-buddy-agent-1.9.7.jar:/home/miccia/.m2/repository/org/objenesis/objenesis/2.6/objenesis-2.6.jar:/home/miccia/.m2/repository/org/hamcrest/hamcrest-core/1.3/hamcrest-core-1.3.jar:/home/miccia/.m2/repository/org/hamcrest/hamcrest-library/1.3/hamcrest-library-1.3.jar:/home/miccia/.m2/repository/org/skyscreamer/jsonassert/1.5.0/jsonassert-1.5.0.jar:/home/miccia/.m2/repository/com/vaadin/external/google/android-json/0.0.20131108.vaadin1/android-json-0.0.20131108.vaadin1.jar:/home/miccia/.m2/repository/org/springframework/spring-core/5.1.4.RELEASE/spring-core-5.1.4.RELEASE.jar:/home/miccia/.m2/repository/org/springframework/spring-jcl/5.1.4.RELEASE/spring-jcl-5.1.4.RELEASE.jar:/home/miccia/.m2/repository/org/springframework/spring-test/5.1.4.RELEASE/spring-test-5.1.4.RELEASE.jar:/home/miccia/.m2/repository/org/xmlunit/xmlunit-core/2.6.2/xmlunit-core-2.6.2.jar:/home/miccia/.m2/repository/org/apache/camel/camel-test-spring/2.23.1/camel-test-spring-2.23.1.jar:/home/miccia/.m2/repository/org/apache/camel/camel-test/2.23.1/camel-test-2.23.1.jar:/home/miccia/.m2/repository/org/apache/camel/camel-spring/2.23.1/camel-spring-2.23.1.jar:/home/miccia/.m2/repository/org/springframework/spring-aop/5.1.4.RELEASE/spring-aop-5.1.4.RELEASE.jar:/home/miccia/.m2/repository/org/springframework/spring-expression/5.1.4.RELEASE/spring-expression-5.1.4.RELEASE.jar:/home/miccia/.m2/repository/org/apache/camel/camel-restlet/2.23.1/camel-restlet-2.23.1.jar:/home/miccia/.m2/repository/org/apache/camel/camel-http-common/2.23.1/camel-http-common-2.23.1.jar:/home/miccia/.m2/repository/javax/servlet/javax.servlet-api/4.0.1/javax.servlet-api-4.0.1.jar:/home/miccia/.m2/repository/org/restlet/jee/org.restlet/2.3.12/org.restlet-2.3.12.jar:/home/miccia/.m2/repository/org/restlet/jee/org.restlet.ext.httpclient/2.3.12/org.restlet.ext.httpclient-2.3.12.jar:/home/miccia/.m2/repository/org/apache/httpcomponents/httpclient/4.5.6/httpclient-4.5.6.jar:/home/miccia/.m2/repository/org/apache/httpcomponents/httpcore/4.4.10/httpcore-4.4.10.jar:/home/miccia/.m2/repository/org/apache/httpcomponents/httpmime/4.5.6/httpmime-4.5.6.jar:/home/miccia/.m2/repository/net/jcip/jcip-annotations/1.0/jcip-annotations-1.0.jar:/home/miccia/.m2/repository/commons-logging/commons-logging/1.1.3/commons-logging-1.1.3.jar:/home/miccia/.m2/repository/org/apache/james/apache-mime4j-core/0.7.2/apache-mime4j-core-0.7.2.jar:/home/miccia/.m2/repository/org/apache/camel/camel-servlet-starter/2.23.1/camel-servlet-starter-2.23.1.jar:/home/miccia/.m2/repository/org/apache/camel/camel-servlet/2.23.1/camel-servlet-2.23.1.jar:"/>
    <property name="sun.cpu.endian" value="little"/>
    <property name="user.home" value="/home/miccia"/>
    <property name="user.language" value="en"/>
    <property name="java.specification.vendor" value="Oracle Corporation"/>
    <property name="java.home" value="/usr/lib/jvm/java-1.8.0-openjdk-1.8.0.191.b13-0.fc29.x86_64/jre"/>
    <property name="basedir" value="/home/miccia/Documents/workspace-spring-tool-suite-4-4.1.1.RELEASE/ServiceOut"/>
    <property name="file.separator" value="/"/>
    <property name="line.separator" value="&#10;"/>
    <property name="java.vm.specification.vendor" value="Oracle Corporation"/>
    <property name="java.specification.name" value="Java Platform API Specification"/>
    <property name="java.awt.graphicsenv" value="sun.awt.X11GraphicsEnvironment"/>
    <property name="surefire.real.class.path" value="/home/miccia/Documents/workspace-spring-tool-suite-4-4.1.1.RELEASE/ServiceOut/target/surefire/surefirebooter2861786063075772045.jar"/>
    <property name="sun.boot.class.path" value="/usr/lib/jvm/java-1.8.0-openjdk-1.8.0.191.b13-0.fc29.x86_64/jre/lib/resources.jar:/usr/lib/jvm/java-1.8.0-openjdk-1.8.0.191.b13-0.fc29.x86_64/jre/lib/rt.jar:/usr/lib/jvm/java-1.8.0-openjdk-1.8.0.191.b13-0.fc29.x86_64/jre/lib/sunrsasign.jar:/usr/lib/jvm/java-1.8.0-openjdk-1.8.0.191.b13-0.fc29.x86_64/jre/lib/jsse.jar:/usr/lib/jvm/java-1.8.0-openjdk-1.8.0.191.b13-0.fc29.x86_64/jre/lib/jce.jar:/usr/lib/jvm/java-1.8.0-openjdk-1.8.0.191.b13-0.fc29.x86_64/jre/lib/charsets.jar:/usr/lib/jvm/java-1.8.0-openjdk-1.8.0.191.b13-0.fc29.x86_64/jre/lib/jfr.jar:/usr/lib/jvm/java-1.8.0-openjdk-1.8.0.191.b13-0.fc29.x86_64/jre/classes"/>
    <property name="sun.management.compiler" value="HotSpot 64-Bit Tiered Compilers"/>
    <property name="java.runtime.version" value="1.8.0_191-b13"/>
    <property name="user.name" value="miccia"/>
    <property name="path.separator" value=":"/>
    <property name="os.version" value="4.20.4-200.fc29.x86_64"/>
    <property name="java.endorsed.dirs" value="/usr/lib/jvm/java-1.8.0-openjdk-1.8.0.191.b13-0.fc29.x86_64/jre/lib/endorsed"/>
    <property name="java.runtime.name" value="OpenJDK Runtime Environment"/>
    <property name="file.encoding" value="UTF-8"/>
    <property name="java.vm.name" value="OpenJDK 64-Bit Server VM"/>
    <property name="localRepository" value="/home/miccia/.m2/repository"/>
    <property name="java.vendor.url.bug" value="http://bugreport.sun.com/bugreport/"/>
    <property name="java.io.tmpdir" value="/tmp"/>
    <property name="java.version" value="1.8.0_191"/>
    <property name="user.dir" value="/home/miccia/Documents/workspace-spring-tool-suite-4-4.1.1.RELEASE/ServiceOut"/>
    <property name="os.arch" value="amd64"/>
    <property name="java.vm.specification.name" value="Java Virtual Machine Specification"/>
    <property name="java.awt.printerjob" value="sun.print.PSPrinterJob"/>
    <property name="sun.os.patch.level" value="unknown"/>
    <property name="java.library.path" value="/usr/java/packages/lib/amd64:/usr/lib64:/lib64:/lib:/usr/lib"/>
    <property name="java.vm.info" value="mixed mode"/>
    <property name="java.vendor" value="Oracle Corporation"/>
    <property name="java.vm.version" value="25.191-b13"/>
    <property name="java.ext.dirs" value="/usr/lib/jvm/java-1.8.0-openjdk-1.8.0.191.b13-0.fc29.x86_64/jre/lib/ext:/usr/java/packages/lib/ext"/>
    <property name="sun.io.unicode.encoding" value="UnicodeLittle"/>
    <property name="java.class.version" value="52.0"/>
  </properties>
  <testcase name="contextLoads" classname="com.example.pamel.ServiceOutApplicationTests" time="9.809"/>
</testsuite>